<?xml version="1.0" encoding="UTF-8"?>
<testsuite name="com.example.Kiranastore.KiranastoreApplicationTests" tests="1" skipped="0" failures="0" errors="0" timestamp="2024-04-01T09:56:13" hostname="JAR-LT-386.local" time="0.335">
  <properties/>
  <testcase name="contextLoads()" classname="com.example.Kiranastore.KiranastoreApplicationTests" time="0.335"/>
  <system-out><![CDATA[15:26:12.779 [Test worker] INFO org.springframework.test.context.support.AnnotationConfigContextLoaderUtils -- Could not detect default configuration classes for test class [com.example.Kiranastore.KiranastoreApplicationTests]: KiranastoreApplicationTests does not declare any static, non-private, non-final, nested classes annotated with @Configuration.
15:26:12.808 [Test worker] INFO org.springframework.boot.test.context.SpringBootTestContextBootstrapper -- Found @SpringBootConfiguration com.example.Kiranastore.KiranastoreApplication for test class com.example.Kiranastore.KiranastoreApplicationTests

  .   ____          _            __ _ _
 /\\ / ___'_ __ _ _(_)_ __  __ _ \ \ \ \
( ( )\___ | '_ | '_| | '_ \/ _` | \ \ \ \
 \\/  ___)| |_)| | | | | || (_| |  ) ) ) )
  '  |____| .__|_| |_|_| |_\__, | / / / /
 =========|_|==============|___/=/_/_/_/
 :: Spring Boot ::                (v3.2.4)

2024-04-01T15:26:12.914+05:30  INFO 4483 --- [    Test worker] c.e.K.KiranastoreApplicationTests        : Starting KiranastoreApplicationTests using Java 21.0.2 with PID 4483 (started by sandeshhegde in /Users/sandeshhegde/Downloads/Kiranastore)
2024-04-01T15:26:12.915+05:30  INFO 4483 --- [    Test worker] c.e.K.KiranastoreApplicationTests        : No active profile set, falling back to 1 default profile: "default"
2024-04-01T15:26:13.103+05:30  INFO 4483 --- [    Test worker] .s.d.r.c.RepositoryConfigurationDelegate : Bootstrapping Spring Data MongoDB repositories in DEFAULT mode.
2024-04-01T15:26:13.118+05:30  INFO 4483 --- [    Test worker] .s.d.r.c.RepositoryConfigurationDelegate : Finished Spring Data repository scanning in 14 ms. Found 2 MongoDB repository interfaces.
2024-04-01T15:26:13.251+05:30  INFO 4483 --- [    Test worker] org.mongodb.driver.client                : MongoClient with metadata {"driver": {"name": "mongo-java-driver|sync|spring-boot", "version": "4.11.1"}, "os": {"type": "Darwin", "name": "Mac OS X", "architecture": "aarch64", "version": "14.2"}, "platform": "Java/Amazon.com Inc./21.0.2+13-LTS"} created with settings MongoClientSettings{readPreference=primary, writeConcern=WriteConcern{w=null, wTimeout=null ms, journal=null}, retryWrites=true, retryReads=true, readConcern=ReadConcern{level=null}, credential=null, transportSettings=null, streamFactoryFactory=null, commandListeners=[], codecRegistry=ProvidersCodecRegistry{codecProviders=[ValueCodecProvider{}, BsonValueCodecProvider{}, DBRefCodecProvider{}, DBObjectCodecProvider{}, DocumentCodecProvider{}, CollectionCodecProvider{}, IterableCodecProvider{}, MapCodecProvider{}, GeoJsonCodecProvider{}, GridFSFileCodecProvider{}, Jsr310CodecProvider{}, JsonObjectCodecProvider{}, BsonCodecProvider{}, EnumCodecProvider{}, com.mongodb.client.model.mql.ExpressionCodecProvider@5ae15, com.mongodb.Jep395RecordCodecProvider@577536e0, com.mongodb.KotlinCodecProvider@12219f6a]}, loggerSettings=LoggerSettings{maxDocumentLength=1000}, clusterSettings={hosts=[localhost:27017], srvServiceName=mongodb, mode=SINGLE, requiredClusterType=UNKNOWN, requiredReplicaSetName='null', serverSelector='null', clusterListeners='[]', serverSelectionTimeout='30000 ms', localThreshold='15 ms'}, socketSettings=SocketSettings{connectTimeoutMS=10000, readTimeoutMS=0, receiveBufferSize=0, proxySettings=ProxySettings{host=null, port=null, username=null, password=null}}, heartbeatSocketSettings=SocketSettings{connectTimeoutMS=10000, readTimeoutMS=10000, receiveBufferSize=0, proxySettings=ProxySettings{host=null, port=null, username=null, password=null}}, connectionPoolSettings=ConnectionPoolSettings{maxSize=100, minSize=0, maxWaitTimeMS=120000, maxConnectionLifeTimeMS=0, maxConnectionIdleTimeMS=0, maintenanceInitialDelayMS=0, maintenanceFrequencyMS=60000, connectionPoolListeners=[], maxConnecting=2}, serverSettings=ServerSettings{heartbeatFrequencyMS=10000, minHeartbeatFrequencyMS=500, serverListeners='[]', serverMonitorListeners='[]'}, sslSettings=SslSettings{enabled=false, invalidHostNameAllowed=false, context=null}, applicationName='null', compressorList=[], uuidRepresentation=JAVA_LEGACY, serverApi=null, autoEncryptionSettings=null, dnsClient=null, inetAddressResolver=null, contextProvider=null}
2024-04-01T15:26:13.259+05:30  INFO 4483 --- [localhost:27017] org.mongodb.driver.cluster               : Monitor thread successfully connected to server with description ServerDescription{address=localhost:27017, type=STANDALONE, state=CONNECTED, ok=true, minWireVersion=0, maxWireVersion=21, maxDocumentSize=16777216, logicalSessionTimeoutMinutes=30, roundTripTimeNanos=6842459}
2024-04-01T15:26:13.403+05:30 TRACE 4483 --- [    Test worker] eGlobalAuthenticationAutowiredConfigurer : Eagerly initializing {securityConfig=com.example.Kiranastore.config.SecurityConfig$$SpringCGLIB$$0@beabd6b}
2024-04-01T15:26:13.404+05:30 DEBUG 4483 --- [    Test worker] swordEncoderAuthenticationManagerBuilder : No authenticationProviders and no parentAuthenticationManager defined. Returning null.
2024-04-01T15:26:13.487+05:30  INFO 4483 --- [    Test worker] o.s.s.web.DefaultSecurityFilterChain     : Will secure any request with [org.springframework.security.web.session.DisableEncodeUrlFilter@1edf71d9, org.springframework.security.web.context.request.async.WebAsyncManagerIntegrationFilter@52d9d817, org.springframework.security.web.context.SecurityContextHolderFilter@481ed95c, org.springframework.security.web.header.HeaderWriterFilter@3f06ebe0, org.springframework.web.filter.CorsFilter@131ba005, org.springframework.security.web.csrf.CsrfFilter@15186ce0, org.springframework.security.web.authentication.logout.LogoutFilter@71ad959b, org.springframework.security.oauth2.client.web.OAuth2AuthorizationRequestRedirectFilter@34beadce, org.springframework.security.oauth2.client.web.OAuth2LoginAuthenticationFilter@2d73e8c4, org.springframework.security.web.authentication.UsernamePasswordAuthenticationFilter@6ce2e079, org.springframework.security.web.authentication.ui.DefaultLoginPageGeneratingFilter@7848321e, org.springframework.security.web.authentication.ui.DefaultLogoutPageGeneratingFilter@7f305f34, org.springframework.security.web.savedrequest.RequestCacheAwareFilter@40bf0e15, org.springframework.security.web.servletapi.SecurityContextHolderAwareRequestFilter@2c77344f, org.springframework.security.web.authentication.AnonymousAuthenticationFilter@1a84a8b2, org.springframework.security.web.access.ExceptionTranslationFilter@60652518, org.springframework.security.web.access.intercept.AuthorizationFilter@443af394]
2024-04-01T15:26:13.563+05:30  INFO 4483 --- [    Test worker] c.e.K.KiranastoreApplicationTests        : Started KiranastoreApplicationTests in 0.717 seconds (process running for 1.061)
]]></system-out>
  <system-err><![CDATA[WARNING: A Java agent has been loaded dynamically (/Users/sandeshhegde/.gradle/caches/modules-2/files-2.1/net.bytebuddy/byte-buddy-agent/1.14.12/be4984cb6fd1ef1d11f218a648889dfda44b8a15/byte-buddy-agent-1.14.12.jar)
WARNING: If a serviceability tool is in use, please run with -XX:+EnableDynamicAgentLoading to hide this warning
WARNING: If a serviceability tool is not in use, please run with -Djdk.instrument.traceUsage for more information
WARNING: Dynamic loading of agents will be disallowed by default in a future release
]]></system-err>
</testsuite>
